<?xml version="1.0" encoding="UTF-8"?>
<!-- Generated by org.testng.reporters.JUnitReportReporter -->
<testsuite hostname="ankurs-MacBook-Pro-2.local" failures="0" tests="2" name="com.ankur.reporterlog.ConsoleEmailAndHtmlReports" time="0.006" errors="0" timestamp="6 Jul 2021 03:57:53 GMT">
  <testcase classname="com.ankur.reporterlog.ConsoleEmailAndHtmlReports" name="closeBrowser" time="0.000"/>
  <testcase classname="com.ankur.reporterlog.ConsoleEmailAndHtmlReports" name="openBrowser" time="0.006"/>
</testsuite> <!-- com.ankur.reporterlog.ConsoleEmailAndHtmlReports -->
